This file contains any messages produced by compilers while
running CMake, to aid debugging if configure makes a mistake.

It was created by sch-core CMake configuration process 1.0-131-gfd59-dirty, which was
generated by CMake 3.5.1.

## --------- ##
## Platform. ##
## --------- ##

hostname = femur
system = Linux-4.4.0-45-generic
processor = x86_64
generator = Unix Makefiles

PATH /opt/ros/kinetic/bin
PATH /home/ahundt/.local/share/umake/bin
PATH /usr/local/bin
PATH /usr/local/sbin
PATH /usr/sbin
PATH /usr/bin
PATH /sbin
PATH /bin
PATH /usr/games
PATH /usr/local/games
PATH /snap/bin
PATH /home/ahundt/.linuxbrew/bin

PKG_CONFIG_PATH /opt/ros/kinetic/lib/pkgconfig

## ---------------- ##
## CMake variables. ##
## ---------------- ##

CMAKE_ROOT = /usr/share/cmake-3.5
CMAKE_INCLUDE_PATH = 
CMAKE_LIBRARY_PATH = 
CMAKE_PREFIX_PATH = 
CMAKE_INSTALL_ALWAYS = 
CMAKE_SKIP_RPATH = NO
CMAKE_SUPPRESS_REGENERATION = 
BUILD_SHARED_LIBS = 

CMAKE_INSTALL_PREFIX = /usr/local
PROJECT_SOURCE_DIR = /home/ahundt/src/jrl-umi3218/sch-core
PROJECT_SOURCE_DIR = /home/ahundt/src/jrl-umi3218/sch-core
PROJECT_BINARY_DIR = /home/ahundt/src/jrl-umi3218/sch-core/build
CMAKE_BINARY_DIR = /home/ahundt/src/jrl-umi3218/sch-core/build

CMAKE_AR = /usr/bin/ar
CMAKE_RANLIB = /usr/bin/ranlib
CMAKE_BUILD_TYPE = 
CMAKE_CONFIGURATION_TYPES = 
CMAKE_SHARED_LINKER_FLAGS = 

CMAKE_C_COMPILER = /usr/bin/cc
CMAKE_C_FLAGS = 
CMAKE_C_FLAGS_DEBUG = -g
CMAKE_C_FLAGS_RELEASE = -O3 -DNDEBUG
CMAKE_CXX_COMPILER = /usr/bin/c++
CMAKE_CXX_FLAGS =  -pedantic -Wno-long-long -Wall -Wextra -Wcast-align -Wcast-qual -Wformat -Wwrite-strings -Wconversion 
CMAKE_CXX_FLAGS_DEBUG = -g
CMAKE_CXX_FLAGS_RELEASE = -O3 -DNDEBUG
CMAKE_CXX_FLAGS_RELWITHDEBINFO = -O2 -g -DNDEBUG

CMAKE_STATIC_LIBRARY_PREFIX = lib
CMAKE_STATIC_LIBRARY_SUFFIX = .a
CMAKE_SHARED_LIBRARY_PREFIX = lib
CMAKE_SHARED_LIBRARY_SUFFIX = .so
CMAKE_SHARED_MODULE_PREFIX = lib
CMAKE_SHARED_MODULE_SUFFIX = .so

## ------------------ ##
## Watched variables. ##
## ------------------ ##

WARNING_CXX_FLAGS =  -pedantic -Wno-long-long -Wall -Wextra -Wcast-align -Wcast-qual -Wformat -Wwrite-strings -Wconversion
_PKG_CONFIG_FOUND = undefined
PKG_CONFIG_EXECUTABLE = /usr/bin/pkg-config
_PKG_CONFIG_PREFIX = /usr/local
_PKG_CONFIG_EXEC_PREFIX = /usr/local
_PKG_CONFIG_LIBDIR = /usr/local/lib
_PKG_CONFIG_BINDIR = /usr/local/bin
_PKG_CONFIG_PKGLIBDIR = /usr/local/lib/sch-core
_PKG_CONFIG_INCLUDEDIR = /usr/local/include
_PKG_CONFIG_DATAROOTDIR = /usr/local/share
_PKG_CONFIG_PKGDATAROOTDIR = /usr/local/share
_PKG_CONFIG_DOCDIR = /usr/local/share/doc/sch-core
_PKG_CONFIG_DOXYGENDOCDIR = /usr/local/share/doc/sch-core/doxygen-html
_PKG_CONFIG_PROJECT_NAME = sch-core
_PKG_CONFIG_DESCRIPTION = Implementation of the Sphere-Torus Patches Bounding Volumes
_PKG_CONFIG_URL = http://idh.lirmm.fr/projects/stpbv
_PKG_CONFIG_VERSION = 1.0-131-gfd59-dirty
_PKG_CONFIG_REQUIRES = 
_PKG_CONFIG_REQUIRES_DEBUG = 
_PKG_CONFIG_REQUIRES_OPTIMIZED = 
_PKG_CONFIG_CONFLICTS = 
_PKG_CONFIG_LIBS =  -lsch-core
_PKG_CONFIG_LIBS_DEBUG = -L${libdir}
_PKG_CONFIG_LIBS_OPTIMIZED = -L${libdir}
_PKG_CONFIG_LIBS_PRIVATE = 
_PKG_CONFIG_CFLAGS = -I${includedir} -I/usr/include
_PKG_CONFIG_CFLAGS_DEBUG = 
_PKG_CONFIG_CFLAGS_OPTIMIZED = 
PKG_CONFIG_EXTRA = 
DOXYGEN_SKIP_DOT = undefined
DOXYGEN_EXECUTABLE = /usr/bin/doxygen
DOXYGEN_FOUND = YES
DOXYGEN_DOT_EXECUTABLE = /usr/bin/dot
DOXYGEN_DOT_FOUND = YES
DOXYGEN_DOT_PATH = /usr/bin
DOXYGEN_DOT_IMAGE_FORMAT = svg
DOXYGEN_USE_MATHJAX = YES
DOXYGEN_USE_TEMPLATE_CSS = YES
Boost_USE_MULTITHREADED = TRUE
Boost_USE_STATIC_LIBS = OFF
Boost_ADDITIONAL_VERSIONS = undefined
Boost_DEBUG = undefined
Boost_COMPILER = undefined
BOOST_ROOT = undefined
BOOSTROOT = undefined
BOOST_INCLUDEDIR = undefined
BOOST_LIBRARYDIR = undefined
Boost_FOUND = 1
Boost_INCLUDE_DIRS = /usr/include
Boost_INCLUDE_DIR = /usr/include
Boost_LIBRARIES = /usr/lib/x86_64-linux-gnu/libboost_serialization.so
Boost_LIBRARY_DIRS = /usr/lib/x86_64-linux-gnu
Boost_VERSION = 105800
Boost_LIB_VERSION = 1_58
Boost_MAJOR_VERSION = 1
Boost_MINOR_VERSION = 58
Boost_SUBMINOR_VERSION = 0
Boost_LIB_DIAGNOSTIC_DEFINITIONS = undefined
Boost_SERIALIZATION_FOUND = ON
Boost_SERIALIZATION_LIBRARY = /usr/lib/x86_64-linux-gnu/libboost_serialization.so
Boost_SERIALIZATION_LIBRARY_DEBUG = /usr/lib/x86_64-linux-gnu/libboost_serialization.so
Boost_SERIALIZATION_LIBRARY_RELEASE = /usr/lib/x86_64-linux-gnu/libboost_serialization.so
## ---------------- ##
## Watched targets. ##
## ---------------- ##

